Build started 2/20/2014 5:44:54 PM.
     1>Project "C:\Users\Jac21ASUS\Documents\GitHub\CSCE-315-Team-Project-1--Relational-Database-Management-System--RDBMS-\src\RDMBPARSER\RDBMS\RDBMS.vcxproj" on node 2 (Build target(s)).
     1>ClCompile:
         C:\Program Files (x86)\Microsoft Visual Studio 12.0\VC\bin\CL.exe /c /ZI /nologo /W3 /WX- /Od /Oy- /D _MBCS /Gm /EHsc /RTC1 /MDd /GS /fp:precise /Zc:wchar_t /Zc:forScope /Fo"Debug\\" /Fd"Debug\vc120.pdb" /Gd /TP /analyze- /errorReport:prompt Database.cpp Parser.cpp
         Parser.cpp
     1>c:\users\jac21asus\documents\github\csce-315-team-project-1--relational-database-management-system--rdbms-\src\rdmbparser\rdbms\parser.cpp(220): warning C4018: '<' : signed/unsigned mismatch
     1>c:\users\jac21asus\documents\github\csce-315-team-project-1--relational-database-management-system--rdbms-\src\rdmbparser\rdbms\parser.cpp(234): warning C4018: '<' : signed/unsigned mismatch
     1>c:\users\jac21asus\documents\github\csce-315-team-project-1--relational-database-management-system--rdbms-\src\rdmbparser\rdbms\parser.cpp(239): warning C4018: '<' : signed/unsigned mismatch
     1>c:\users\jac21asus\documents\github\csce-315-team-project-1--relational-database-management-system--rdbms-\src\rdmbparser\rdbms\parser.cpp(242): warning C4018: '<' : signed/unsigned mismatch
     1>c:\users\jac21asus\documents\github\csce-315-team-project-1--relational-database-management-system--rdbms-\src\rdmbparser\rdbms\parser.cpp(255): warning C4018: '<' : signed/unsigned mismatch
     1>c:\users\jac21asus\documents\github\csce-315-team-project-1--relational-database-management-system--rdbms-\src\rdmbparser\rdbms\parser.cpp(360): warning C4129: ',' : unrecognized character escape sequence
     1>c:\users\jac21asus\documents\github\csce-315-team-project-1--relational-database-management-system--rdbms-\src\rdmbparser\rdbms\parser.cpp(383): warning C4018: '<' : signed/unsigned mismatch
     1>c:\users\jac21asus\documents\github\csce-315-team-project-1--relational-database-management-system--rdbms-\src\rdmbparser\rdbms\parser.cpp(385): warning C4018: '<' : signed/unsigned mismatch
     1>c:\users\jac21asus\documents\github\csce-315-team-project-1--relational-database-management-system--rdbms-\src\rdmbparser\rdbms\parser.cpp(389): warning C4018: '<' : signed/unsigned mismatch
     1>c:\users\jac21asus\documents\github\csce-315-team-project-1--relational-database-management-system--rdbms-\src\rdmbparser\rdbms\parser.cpp(451): warning C4018: '<' : signed/unsigned mismatch
     1>c:\users\jac21asus\documents\github\csce-315-team-project-1--relational-database-management-system--rdbms-\src\rdmbparser\rdbms\parser.cpp(468): warning C4018: '<' : signed/unsigned mismatch
     1>c:\users\jac21asus\documents\github\csce-315-team-project-1--relational-database-management-system--rdbms-\src\rdmbparser\rdbms\parser.cpp(504): warning C4018: '<' : signed/unsigned mismatch
     1>c:\users\jac21asus\documents\github\csce-315-team-project-1--relational-database-management-system--rdbms-\src\rdmbparser\rdbms\parser.cpp(538): warning C4018: '<' : signed/unsigned mismatch
     1>c:\users\jac21asus\documents\github\csce-315-team-project-1--relational-database-management-system--rdbms-\src\rdmbparser\rdbms\parser.cpp(548): warning C4018: '<' : signed/unsigned mismatch
     1>c:\users\jac21asus\documents\github\csce-315-team-project-1--relational-database-management-system--rdbms-\src\rdmbparser\rdbms\parser.cpp(685): warning C4018: '<' : signed/unsigned mismatch
     1>c:\users\jac21asus\documents\github\csce-315-team-project-1--relational-database-management-system--rdbms-\src\rdmbparser\rdbms\parser.cpp(721): warning C4018: '<' : signed/unsigned mismatch
     1>c:\users\jac21asus\documents\github\csce-315-team-project-1--relational-database-management-system--rdbms-\src\rdmbparser\rdbms\parser.cpp(881): warning C4018: '<' : signed/unsigned mismatch
     1>c:\users\jac21asus\documents\github\csce-315-team-project-1--relational-database-management-system--rdbms-\src\rdmbparser\rdbms\parser.cpp(940): warning C4018: '<' : signed/unsigned mismatch
     1>c:\users\jac21asus\documents\github\csce-315-team-project-1--relational-database-management-system--rdbms-\src\rdmbparser\rdbms\parser.cpp(995): warning C4018: '<' : signed/unsigned mismatch
     1>c:\users\jac21asus\documents\github\csce-315-team-project-1--relational-database-management-system--rdbms-\src\rdmbparser\rdbms\parser.cpp(1028): warning C4018: '<' : signed/unsigned mismatch
     1>c:\users\jac21asus\documents\github\csce-315-team-project-1--relational-database-management-system--rdbms-\src\rdmbparser\rdbms\parser.cpp(1093): warning C4018: '<' : signed/unsigned mismatch
     1>c:\users\jac21asus\documents\github\csce-315-team-project-1--relational-database-management-system--rdbms-\src\rdmbparser\rdbms\parser.cpp(1125): warning C4018: '<' : signed/unsigned mismatch
     1>c:\users\jac21asus\documents\github\csce-315-team-project-1--relational-database-management-system--rdbms-\src\rdmbparser\rdbms\parser.cpp(1190): warning C4018: '<' : signed/unsigned mismatch
     1>c:\users\jac21asus\documents\github\csce-315-team-project-1--relational-database-management-system--rdbms-\src\rdmbparser\rdbms\parser.cpp(1222): warning C4018: '<' : signed/unsigned mismatch
     1>c:\users\jac21asus\documents\github\csce-315-team-project-1--relational-database-management-system--rdbms-\src\rdmbparser\rdbms\parser.cpp(1306): warning C4018: '<' : signed/unsigned mismatch
         Generating Code...
     1>c:\users\jac21asus\documents\github\csce-315-team-project-1--relational-database-management-system--rdbms-\src\rdmbparser\rdbms\parser.cpp(677): warning C4715: 'GrabColumn' : not all control paths return a value
     1>c:\users\jac21asus\documents\github\csce-315-team-project-1--relational-database-management-system--rdbms-\src\rdmbparser\rdbms\parser.cpp(1347): warning C4715: 'NaturalJoin::Execute' : not all control paths return a value
     1>c:\users\jac21asus\documents\github\csce-315-team-project-1--relational-database-management-system--rdbms-\src\rdmbparser\rdbms\parser_redux.h(16): warning C4715: 'Query::IsQuery' : not all control paths return a value
     1>c:\users\jac21asus\documents\github\csce-315-team-project-1--relational-database-management-system--rdbms-\src\rdmbparser\rdbms\parser.cpp(553): warning C4715: 'GrabToken' : not all control paths return a value
     1>c:\users\jac21asus\documents\github\csce-315-team-project-1--relational-database-management-system--rdbms-\src\rdmbparser\rdbms\parser.cpp(31): warning C4715: 'Command::IsCommand' : not all control paths return a value
         Skipping... (no relevant changes detected)
         Database.cpp
       Link:
         C:\Program Files (x86)\Microsoft Visual Studio 12.0\VC\bin\link.exe /ERRORREPORT:PROMPT /OUT:"C:\Users\Jac21ASUS\Documents\GitHub\CSCE-315-Team-Project-1--Relational-Database-Management-System--RDBMS-\src\RDMBPARSER\Debug\RDBMS.exe" /INCREMENTAL /NOLOGO kernel32.lib user32.lib gdi32.lib winspool.lib comdlg32.lib advapi32.lib shell32.lib ole32.lib oleaut32.lib uuid.lib odbc32.lib odbccp32.lib /MANIFEST /MANIFESTUAC:"level='asInvoker' uiAccess='false'" /manifest:embed /DEBUG /PDB:"C:\Users\Jac21ASUS\Documents\GitHub\CSCE-315-Team-Project-1--Relational-Database-Management-System--RDBMS-\src\RDMBPARSER\Debug\RDBMS.pdb" /TLBID:1 /DYNAMICBASE /NXCOMPAT /IMPLIB:"C:\Users\Jac21ASUS\Documents\GitHub\CSCE-315-Team-Project-1--Relational-Database-Management-System--RDBMS-\src\RDMBPARSER\Debug\RDBMS.lib" /MACHINE:X86 Debug\Condition.obj
         Debug\Database.obj
         Debug\Parser.obj
         Debug\Relation.obj
         Debug\TESTS.obj
         Debug\stdafx.obj
         RDBMS.vcxproj -> C:\Users\Jac21ASUS\Documents\GitHub\CSCE-315-Team-Project-1--Relational-Database-Management-System--RDBMS-\src\RDMBPARSER\Debug\RDBMS.exe
     1>Done Building Project "C:\Users\Jac21ASUS\Documents\GitHub\CSCE-315-Team-Project-1--Relational-Database-Management-System--RDBMS-\src\RDMBPARSER\RDBMS\RDBMS.vcxproj" (Build target(s)).

Build succeeded.

Time Elapsed 00:00:03.45
