Build started 2/7/2014 1:47:41 PM.
     1>Project "C:\Users\Jac21ASUS\documents\visual studio 2010\Projects\Assignment2ReduxReduxRedux\Assignment2ReduxReduxRedux\Assignment2ReduxReduxRedux.vcxproj" on node 2 (build target(s)).
     1>InitializeBuildStatus:
         Creating "Debug\Assignment2ReduxReduxRedux.unsuccessfulbuild" because "AlwaysCreate" was specified.
       ClCompile:
         All outputs are up-to-date.
         C:\Program Files (x86)\Microsoft Visual Studio 10.0\VC\bin\CL.exe /c /ZI /nologo /W3 /WX- /Od /Oy- /D WIN32 /D _DEBUG /D _CONSOLE /D _UNICODE /D UNICODE /Gm /EHsc /RTC1 /MDd /GS /fp:precise /Zc:wchar_t /Zc:forScope /Yu"StdAfx.h" /Fp"Debug\Assignment2ReduxReduxRedux.pch" /Fo"Debug\\" /Fd"Debug\vc100.pdb" /Gd /TP /analyze- /errorReport:prompt Assignment2ReduxReduxRedux.cpp
         Assignment2ReduxReduxRedux.cpp
     1>c:\users\jac21asus\documents\visual studio 2010\projects\assignment2reduxreduxredux\assignment2reduxreduxredux\assignment2reduxreduxredux.cpp(35): warning C4482: nonstandard extension used: enum '_Type' used in qualified name
     1>c:\users\jac21asus\documents\visual studio 2010\projects\assignment2reduxreduxredux\assignment2reduxreduxredux\assignment2reduxreduxredux.cpp(42): warning C4482: nonstandard extension used: enum '_Type' used in qualified name
     1>c:\users\jac21asus\documents\visual studio 2010\projects\assignment2reduxreduxredux\assignment2reduxreduxredux\assignment2reduxreduxredux.cpp(50): warning C4482: nonstandard extension used: enum '_Type' used in qualified name
     1>c:\users\jac21asus\documents\visual studio 2010\projects\assignment2reduxreduxredux\assignment2reduxreduxredux\assignment2reduxreduxredux.cpp(55): warning C4482: nonstandard extension used: enum '_Type' used in qualified name
     1>c:\users\jac21asus\documents\visual studio 2010\projects\assignment2reduxreduxredux\assignment2reduxreduxredux\assignment2reduxreduxredux.cpp(116): warning C4018: '<' : signed/unsigned mismatch
     1>c:\users\jac21asus\documents\visual studio 2010\projects\assignment2reduxreduxredux\assignment2reduxreduxredux\assignment2reduxreduxredux.cpp(126): warning C4018: '<=' : signed/unsigned mismatch
     1>c:\users\jac21asus\documents\visual studio 2010\projects\assignment2reduxreduxredux\assignment2reduxreduxredux\assignment2reduxreduxredux.cpp(136): warning C4018: '<' : signed/unsigned mismatch
     1>c:\users\jac21asus\documents\visual studio 2010\projects\assignment2reduxreduxredux\assignment2reduxreduxredux\assignment2reduxreduxredux.cpp(137): warning C4018: '<' : signed/unsigned mismatch
     1>c:\users\jac21asus\documents\visual studio 2010\projects\assignment2reduxreduxredux\assignment2reduxreduxredux\assignment2reduxreduxredux.cpp(150): warning C4482: nonstandard extension used: enum '_Type' used in qualified name
     1>c:\users\jac21asus\documents\visual studio 2010\projects\assignment2reduxreduxredux\assignment2reduxreduxredux\assignment2reduxreduxredux.cpp(151): warning C4482: nonstandard extension used: enum '_Type' used in qualified name
     1>c:\users\jac21asus\documents\visual studio 2010\projects\assignment2reduxreduxredux\assignment2reduxreduxredux\assignment2reduxreduxredux.cpp(152): warning C4482: nonstandard extension used: enum '_Type' used in qualified name
       Link:
         C:\Program Files (x86)\Microsoft Visual Studio 10.0\VC\bin\link.exe /ERRORREPORT:PROMPT /OUT:"C:\Users\Jac21ASUS\documents\visual studio 2010\Projects\Assignment2ReduxReduxRedux\Debug\Assignment2ReduxReduxRedux.exe" /INCREMENTAL:NO /NOLOGO kernel32.lib user32.lib gdi32.lib winspool.lib comdlg32.lib advapi32.lib shell32.lib ole32.lib oleaut32.lib uuid.lib odbc32.lib odbccp32.lib /MANIFEST /ManifestFile:"Debug\Assignment2ReduxReduxRedux.exe.intermediate.manifest" /MANIFESTUAC:"level='asInvoker' uiAccess='false'" /DEBUG /PDB:"C:\Users\Jac21ASUS\documents\visual studio 2010\Projects\Assignment2ReduxReduxRedux\Debug\Assignment2ReduxReduxRedux.pdb" /SUBSYSTEM:CONSOLE /TLBID:1 /DYNAMICBASE /NXCOMPAT /IMPLIB:"C:\Users\Jac21ASUS\documents\visual studio 2010\Projects\Assignment2ReduxReduxRedux\Debug\Assignment2ReduxReduxRedux.lib" /MACHINE:X86 Debug\Assignment2ReduxReduxRedux.obj
         Debug\stdafx.obj
     1>Assignment2ReduxReduxRedux.obj : warning LNK4075: ignoring '/EDITANDCONTINUE' due to '/INCREMENTAL:NO' specification
         Assignment2ReduxReduxRedux.vcxproj -> C:\Users\Jac21ASUS\documents\visual studio 2010\Projects\Assignment2ReduxReduxRedux\Debug\Assignment2ReduxReduxRedux.exe
       Manifest:
         C:\Program Files (x86)\Microsoft SDKs\Windows\v7.0A\bin\mt.exe /nologo /verbose /outputresource:"C:\Users\Jac21ASUS\documents\visual studio 2010\Projects\Assignment2ReduxReduxRedux\Debug\Assignment2ReduxReduxRedux.exe;#1" /manifest Debug\Assignment2ReduxReduxRedux.exe.intermediate.manifest
       FinalizeBuildStatus:
         Deleting file "Debug\Assignment2ReduxReduxRedux.unsuccessfulbuild".
         Touching "Debug\Assignment2ReduxReduxRedux.lastbuildstate".
     1>Done Building Project "C:\Users\Jac21ASUS\documents\visual studio 2010\Projects\Assignment2ReduxReduxRedux\Assignment2ReduxReduxRedux\Assignment2ReduxReduxRedux.vcxproj" (build target(s)).

Build succeeded.

Time Elapsed 00:00:02.10
