Build started 2/19/2014 12:15:39 AM.
     1>Project "C:\Users\jlero_000\Documents\Visual Studio 2012\Projects\RDBMS-2-17-14\RDBMS2\RDBMS2.vcxproj" on node 2 (Build target(s)).
     1>ClCompile:
         C:\Program Files (x86)\Microsoft Visual Studio 11.0\VC\bin\CL.exe /c /ZI /nologo /W3 /WX- /sdl /Od /Oy- /D _MBCS /Gm /EHsc /RTC1 /MDd /GS /fp:precise /Zc:wchar_t /Zc:forScope /Fo"Debug\\" /Fd"Debug\vc110.pdb" /Gd /TP /analyze- /errorReport:prompt Database.cpp
         Database.cpp
     1>c:\users\jlero_000\documents\visual studio 2012\projects\rdbms-2-17-14\rdbms2\database.cpp(21): warning C4018: '<' : signed/unsigned mismatch
     1>c:\users\jlero_000\documents\visual studio 2012\projects\rdbms-2-17-14\rdbms2\database.cpp(37): warning C4018: '<' : signed/unsigned mismatch
     1>c:\users\jlero_000\documents\visual studio 2012\projects\rdbms-2-17-14\rdbms2\database.cpp(44): warning C4018: '<' : signed/unsigned mismatch
     1>c:\users\jlero_000\documents\visual studio 2012\projects\rdbms-2-17-14\rdbms2\database.cpp(45): warning C4018: '<' : signed/unsigned mismatch
     1>c:\users\jlero_000\documents\visual studio 2012\projects\rdbms-2-17-14\rdbms2\database.cpp(57): warning C4018: '<' : signed/unsigned mismatch
     1>c:\users\jlero_000\documents\visual studio 2012\projects\rdbms-2-17-14\rdbms2\database.cpp(64): warning C4018: '<' : signed/unsigned mismatch
     1>c:\users\jlero_000\documents\visual studio 2012\projects\rdbms-2-17-14\rdbms2\database.cpp(70): warning C4018: '<' : signed/unsigned mismatch
     1>c:\users\jlero_000\documents\visual studio 2012\projects\rdbms-2-17-14\rdbms2\database.cpp(72): warning C4018: '<' : signed/unsigned mismatch
     1>c:\users\jlero_000\documents\visual studio 2012\projects\rdbms-2-17-14\rdbms2\database.cpp(74): warning C4018: '<' : signed/unsigned mismatch
     1>c:\users\jlero_000\documents\visual studio 2012\projects\rdbms-2-17-14\rdbms2\database.cpp(105): warning C4018: '<' : signed/unsigned mismatch
     1>c:\users\jlero_000\documents\visual studio 2012\projects\rdbms-2-17-14\rdbms2\database.cpp(116): warning C4018: '<' : signed/unsigned mismatch
     1>c:\users\jlero_000\documents\visual studio 2012\projects\rdbms-2-17-14\rdbms2\database.cpp(123): warning C4018: '<' : signed/unsigned mismatch
     1>c:\users\jlero_000\documents\visual studio 2012\projects\rdbms-2-17-14\rdbms2\database.cpp(129): warning C4018: '<' : signed/unsigned mismatch
     1>c:\users\jlero_000\documents\visual studio 2012\projects\rdbms-2-17-14\rdbms2\database.cpp(132): warning C4018: '<' : signed/unsigned mismatch
     1>c:\users\jlero_000\documents\visual studio 2012\projects\rdbms-2-17-14\rdbms2\database.cpp(142): warning C4018: '<' : signed/unsigned mismatch
     1>c:\users\jlero_000\documents\visual studio 2012\projects\rdbms-2-17-14\rdbms2\database.cpp(151): warning C4018: '<' : signed/unsigned mismatch
     1>c:\users\jlero_000\documents\visual studio 2012\projects\rdbms-2-17-14\rdbms2\database.cpp(162): warning C4018: '<' : signed/unsigned mismatch
     1>c:\users\jlero_000\documents\visual studio 2012\projects\rdbms-2-17-14\rdbms2\database.cpp(174): warning C4018: '<' : signed/unsigned mismatch
     1>c:\users\jlero_000\documents\visual studio 2012\projects\rdbms-2-17-14\rdbms2\database.cpp(176): warning C4018: '<' : signed/unsigned mismatch
     1>c:\users\jlero_000\documents\visual studio 2012\projects\rdbms-2-17-14\rdbms2\database.cpp(178): warning C4018: '<' : signed/unsigned mismatch
     1>c:\users\jlero_000\documents\visual studio 2012\projects\rdbms-2-17-14\rdbms2\database.cpp(190): warning C4018: '<' : signed/unsigned mismatch
     1>c:\users\jlero_000\documents\visual studio 2012\projects\rdbms-2-17-14\rdbms2\database.cpp(205): warning C4018: '<' : signed/unsigned mismatch
     1>c:\users\jlero_000\documents\visual studio 2012\projects\rdbms-2-17-14\rdbms2\database.cpp(216): warning C4018: '<' : signed/unsigned mismatch
     1>c:\users\jlero_000\documents\visual studio 2012\projects\rdbms-2-17-14\rdbms2\database.cpp(217): warning C4018: '<' : signed/unsigned mismatch
     1>c:\users\jlero_000\documents\visual studio 2012\projects\rdbms-2-17-14\rdbms2\database.cpp(219): warning C4018: '<' : signed/unsigned mismatch
     1>c:\users\jlero_000\documents\visual studio 2012\projects\rdbms-2-17-14\rdbms2\database.cpp(226): warning C4018: '<' : signed/unsigned mismatch
     1>c:\users\jlero_000\documents\visual studio 2012\projects\rdbms-2-17-14\rdbms2\database.cpp(227): warning C4018: '<' : signed/unsigned mismatch
     1>c:\users\jlero_000\documents\visual studio 2012\projects\rdbms-2-17-14\rdbms2\database.cpp(243): warning C4018: '<' : signed/unsigned mismatch
     1>c:\users\jlero_000\documents\visual studio 2012\projects\rdbms-2-17-14\rdbms2\database.cpp(249): warning C4018: '<' : signed/unsigned mismatch
     1>c:\users\jlero_000\documents\visual studio 2012\projects\rdbms-2-17-14\rdbms2\database.cpp(250): warning C4018: '<' : signed/unsigned mismatch
     1>c:\users\jlero_000\documents\visual studio 2012\projects\rdbms-2-17-14\rdbms2\database.cpp(252): warning C4018: '<' : signed/unsigned mismatch
     1>c:\users\jlero_000\documents\visual studio 2012\projects\rdbms-2-17-14\rdbms2\database.cpp(273): warning C4018: '<' : signed/unsigned mismatch
     1>c:\users\jlero_000\documents\visual studio 2012\projects\rdbms-2-17-14\rdbms2\database.cpp(276): warning C4018: '<' : signed/unsigned mismatch
     1>c:\users\jlero_000\documents\visual studio 2012\projects\rdbms-2-17-14\rdbms2\database.cpp(279): warning C4018: '<' : signed/unsigned mismatch
     1>c:\users\jlero_000\documents\visual studio 2012\projects\rdbms-2-17-14\rdbms2\database.cpp(283): warning C4018: '<' : signed/unsigned mismatch
     1>c:\users\jlero_000\documents\visual studio 2012\projects\rdbms-2-17-14\rdbms2\database.cpp(287): warning C4018: '<' : signed/unsigned mismatch
     1>c:\users\jlero_000\documents\visual studio 2012\projects\rdbms-2-17-14\rdbms2\database.cpp(288): warning C4018: '<' : signed/unsigned mismatch
     1>c:\users\jlero_000\documents\visual studio 2012\projects\rdbms-2-17-14\rdbms2\database.cpp(299): warning C4018: '<' : signed/unsigned mismatch
     1>c:\users\jlero_000\documents\visual studio 2012\projects\rdbms-2-17-14\rdbms2\database.cpp(300): warning C4018: '<' : signed/unsigned mismatch
     1>c:\users\jlero_000\documents\visual studio 2012\projects\rdbms-2-17-14\rdbms2\database.cpp(313): warning C4018: '<' : signed/unsigned mismatch
     1>c:\users\jlero_000\documents\visual studio 2012\projects\rdbms-2-17-14\rdbms2\database.cpp(314): warning C4018: '<' : signed/unsigned mismatch
     1>c:\users\jlero_000\documents\visual studio 2012\projects\rdbms-2-17-14\rdbms2\database.cpp(329): warning C4018: '<' : signed/unsigned mismatch
     1>c:\users\jlero_000\documents\visual studio 2012\projects\rdbms-2-17-14\rdbms2\database.cpp(330): warning C4018: '<' : signed/unsigned mismatch
     1>c:\users\jlero_000\documents\visual studio 2012\projects\rdbms-2-17-14\rdbms2\database.cpp(332): warning C4018: '<' : signed/unsigned mismatch
     1>c:\users\jlero_000\documents\visual studio 2012\projects\rdbms-2-17-14\rdbms2\database.cpp(351): warning C4018: '<' : signed/unsigned mismatch
     1>c:\users\jlero_000\documents\visual studio 2012\projects\rdbms-2-17-14\rdbms2\database.cpp(363): warning C4018: '<' : signed/unsigned mismatch
     1>c:\users\jlero_000\documents\visual studio 2012\projects\rdbms-2-17-14\rdbms2\database.cpp(365): warning C4018: '<' : signed/unsigned mismatch
     1>c:\users\jlero_000\documents\visual studio 2012\projects\rdbms-2-17-14\rdbms2\database.cpp(381): warning C4018: '<' : signed/unsigned mismatch
     1>c:\users\jlero_000\documents\visual studio 2012\projects\rdbms-2-17-14\rdbms2\database.cpp(383): warning C4018: '<' : signed/unsigned mismatch
     1>c:\users\jlero_000\documents\visual studio 2012\projects\rdbms-2-17-14\rdbms2\database.cpp(400): warning C4018: '<' : signed/unsigned mismatch
     1>c:\users\jlero_000\documents\visual studio 2012\projects\rdbms-2-17-14\rdbms2\database.cpp(404): warning C4018: '<' : signed/unsigned mismatch
     1>c:\users\jlero_000\documents\visual studio 2012\projects\rdbms-2-17-14\rdbms2\database.cpp(405): warning C4018: '<' : signed/unsigned mismatch
     1>c:\users\jlero_000\documents\visual studio 2012\projects\rdbms-2-17-14\rdbms2\database.cpp(408): warning C4018: '<' : signed/unsigned mismatch
     1>c:\users\jlero_000\documents\visual studio 2012\projects\rdbms-2-17-14\rdbms2\database.cpp(429): warning C4018: '<' : signed/unsigned mismatch
     1>c:\users\jlero_000\documents\visual studio 2012\projects\rdbms-2-17-14\rdbms2\database.cpp(431): warning C4018: '<' : signed/unsigned mismatch
     1>c:\users\jlero_000\documents\visual studio 2012\projects\rdbms-2-17-14\rdbms2\database.cpp(450): warning C4018: '<' : signed/unsigned mismatch
     1>c:\users\jlero_000\documents\visual studio 2012\projects\rdbms-2-17-14\rdbms2\database.cpp(477): warning C4018: '<' : signed/unsigned mismatch
     1>c:\users\jlero_000\documents\visual studio 2012\projects\rdbms-2-17-14\rdbms2\database.cpp(28): warning C4715: 'Database::getRelation' : not all control paths return a value
     1>c:\users\jlero_000\documents\visual studio 2012\projects\rdbms-2-17-14\rdbms2\database.cpp(53): warning C4715: 'Database::projection' : not all control paths return a value
       Link:
         C:\Program Files (x86)\Microsoft Visual Studio 11.0\VC\bin\link.exe /ERRORREPORT:PROMPT /OUT:"C:\Users\jlero_000\Documents\Visual Studio 2012\Projects\RDBMS-2-17-14\Debug\RDBMS2.exe" /INCREMENTAL /NOLOGO kernel32.lib user32.lib gdi32.lib winspool.lib comdlg32.lib advapi32.lib shell32.lib ole32.lib oleaut32.lib uuid.lib odbc32.lib odbccp32.lib /MANIFEST /MANIFESTUAC:"level='asInvoker' uiAccess='false'" /manifest:embed /DEBUG /PDB:"C:\Users\jlero_000\Documents\Visual Studio 2012\Projects\RDBMS-2-17-14\Debug\RDBMS2.pdb" /TLBID:1 /DYNAMICBASE /NXCOMPAT /IMPLIB:"C:\Users\jlero_000\Documents\Visual Studio 2012\Projects\RDBMS-2-17-14\Debug\RDBMS2.lib" /MACHINE:X86 Debug\Condition.obj
         Debug\Database.obj
         Debug\Parser.obj
         Debug\Relation.obj
         Debug\stdafx.obj
         Debug\TESTS.obj
         RDBMS2.vcxproj -> C:\Users\jlero_000\Documents\Visual Studio 2012\Projects\RDBMS-2-17-14\Debug\RDBMS2.exe
     1>Done Building Project "C:\Users\jlero_000\Documents\Visual Studio 2012\Projects\RDBMS-2-17-14\RDBMS2\RDBMS2.vcxproj" (Build target(s)).

Build succeeded.

Time Elapsed 00:00:05.48
