Build started 2/23/2014 1:43:10 PM.
     1>Project "\\filer.cs.tamu.edu\jleroy\ms_windows\cpsc_redirected\My Documents\Visual Studio 2013\Projects\RDMBPARSER\RDBMS\RDBMS.vcxproj" on node 2 (Build target(s)).
     1>ClCompile:
         C:\Program Files (x86)\Microsoft Visual Studio 12.0\VC\bin\CL.exe /c /ZI /nologo /W3 /WX- /Od /Oy- /D _MBCS /Gm /EHsc /RTC1 /MDd /GS /fp:precise /Zc:wchar_t /Zc:forScope /Fo"Debug\\" /Fd"Debug\vc120.pdb" /Gd /TP /analyze- /errorReport:prompt Parser.cpp
         Parser.cpp
     1>\\filer.cs.tamu.edu\jleroy\ms_windows\cpsc_redirected\my documents\visual studio 2013\projects\rdmbparser\rdbms\parser.cpp(220): warning C4018: '<' : signed/unsigned mismatch
     1>\\filer.cs.tamu.edu\jleroy\ms_windows\cpsc_redirected\my documents\visual studio 2013\projects\rdmbparser\rdbms\parser.cpp(234): warning C4018: '<' : signed/unsigned mismatch
     1>\\filer.cs.tamu.edu\jleroy\ms_windows\cpsc_redirected\my documents\visual studio 2013\projects\rdmbparser\rdbms\parser.cpp(239): warning C4018: '<' : signed/unsigned mismatch
     1>\\filer.cs.tamu.edu\jleroy\ms_windows\cpsc_redirected\my documents\visual studio 2013\projects\rdmbparser\rdbms\parser.cpp(242): warning C4018: '<' : signed/unsigned mismatch
     1>\\filer.cs.tamu.edu\jleroy\ms_windows\cpsc_redirected\my documents\visual studio 2013\projects\rdmbparser\rdbms\parser.cpp(255): warning C4018: '<' : signed/unsigned mismatch
     1>\\filer.cs.tamu.edu\jleroy\ms_windows\cpsc_redirected\my documents\visual studio 2013\projects\rdmbparser\rdbms\parser.cpp(360): warning C4129: ',' : unrecognized character escape sequence
     1>\\filer.cs.tamu.edu\jleroy\ms_windows\cpsc_redirected\my documents\visual studio 2013\projects\rdmbparser\rdbms\parser.cpp(383): warning C4018: '<' : signed/unsigned mismatch
     1>\\filer.cs.tamu.edu\jleroy\ms_windows\cpsc_redirected\my documents\visual studio 2013\projects\rdmbparser\rdbms\parser.cpp(385): warning C4018: '<' : signed/unsigned mismatch
     1>\\filer.cs.tamu.edu\jleroy\ms_windows\cpsc_redirected\my documents\visual studio 2013\projects\rdmbparser\rdbms\parser.cpp(389): warning C4018: '<' : signed/unsigned mismatch
     1>\\filer.cs.tamu.edu\jleroy\ms_windows\cpsc_redirected\my documents\visual studio 2013\projects\rdmbparser\rdbms\parser.cpp(455): warning C4018: '<' : signed/unsigned mismatch
     1>\\filer.cs.tamu.edu\jleroy\ms_windows\cpsc_redirected\my documents\visual studio 2013\projects\rdmbparser\rdbms\parser.cpp(477): warning C4018: '<' : signed/unsigned mismatch
     1>\\filer.cs.tamu.edu\jleroy\ms_windows\cpsc_redirected\my documents\visual studio 2013\projects\rdmbparser\rdbms\parser.cpp(513): warning C4018: '<' : signed/unsigned mismatch
     1>\\filer.cs.tamu.edu\jleroy\ms_windows\cpsc_redirected\my documents\visual studio 2013\projects\rdmbparser\rdbms\parser.cpp(547): warning C4018: '<' : signed/unsigned mismatch
     1>\\filer.cs.tamu.edu\jleroy\ms_windows\cpsc_redirected\my documents\visual studio 2013\projects\rdmbparser\rdbms\parser.cpp(557): warning C4018: '<' : signed/unsigned mismatch
     1>\\filer.cs.tamu.edu\jleroy\ms_windows\cpsc_redirected\my documents\visual studio 2013\projects\rdmbparser\rdbms\parser.cpp(694): warning C4018: '<' : signed/unsigned mismatch
     1>\\filer.cs.tamu.edu\jleroy\ms_windows\cpsc_redirected\my documents\visual studio 2013\projects\rdmbparser\rdbms\parser.cpp(728): warning C4018: '<' : signed/unsigned mismatch
     1>\\filer.cs.tamu.edu\jleroy\ms_windows\cpsc_redirected\my documents\visual studio 2013\projects\rdmbparser\rdbms\parser.cpp(888): warning C4018: '<' : signed/unsigned mismatch
     1>\\filer.cs.tamu.edu\jleroy\ms_windows\cpsc_redirected\my documents\visual studio 2013\projects\rdmbparser\rdbms\parser.cpp(947): warning C4018: '<' : signed/unsigned mismatch
     1>\\filer.cs.tamu.edu\jleroy\ms_windows\cpsc_redirected\my documents\visual studio 2013\projects\rdmbparser\rdbms\parser.cpp(1002): warning C4018: '<' : signed/unsigned mismatch
     1>\\filer.cs.tamu.edu\jleroy\ms_windows\cpsc_redirected\my documents\visual studio 2013\projects\rdmbparser\rdbms\parser.cpp(1035): warning C4018: '<' : signed/unsigned mismatch
     1>\\filer.cs.tamu.edu\jleroy\ms_windows\cpsc_redirected\my documents\visual studio 2013\projects\rdmbparser\rdbms\parser.cpp(1100): warning C4018: '<' : signed/unsigned mismatch
     1>\\filer.cs.tamu.edu\jleroy\ms_windows\cpsc_redirected\my documents\visual studio 2013\projects\rdmbparser\rdbms\parser.cpp(1132): warning C4018: '<' : signed/unsigned mismatch
     1>\\filer.cs.tamu.edu\jleroy\ms_windows\cpsc_redirected\my documents\visual studio 2013\projects\rdmbparser\rdbms\parser.cpp(1197): warning C4018: '<' : signed/unsigned mismatch
     1>\\filer.cs.tamu.edu\jleroy\ms_windows\cpsc_redirected\my documents\visual studio 2013\projects\rdmbparser\rdbms\parser.cpp(1229): warning C4018: '<' : signed/unsigned mismatch
     1>\\filer.cs.tamu.edu\jleroy\ms_windows\cpsc_redirected\my documents\visual studio 2013\projects\rdmbparser\rdbms\parser.cpp(1313): warning C4018: '<' : signed/unsigned mismatch
     1>\\filer.cs.tamu.edu\jleroy\ms_windows\cpsc_redirected\my documents\visual studio 2013\projects\rdmbparser\rdbms\parser.cpp(686): warning C4715: 'GrabColumn' : not all control paths return a value
     1>\\filer.cs.tamu.edu\jleroy\ms_windows\cpsc_redirected\my documents\visual studio 2013\projects\rdmbparser\rdbms\parser.cpp(1354): warning C4715: 'NaturalJoin::Execute' : not all control paths return a value
     1>\\filer.cs.tamu.edu\jleroy\ms_windows\cpsc_redirected\my documents\visual studio 2013\projects\rdmbparser\rdbms\parser_redux.h(16): warning C4715: 'Query::IsQuery' : not all control paths return a value
     1>\\filer.cs.tamu.edu\jleroy\ms_windows\cpsc_redirected\my documents\visual studio 2013\projects\rdmbparser\rdbms\parser.cpp(562): warning C4715: 'GrabToken' : not all control paths return a value
       Link:
         C:\Program Files (x86)\Microsoft Visual Studio 12.0\VC\bin\link.exe /ERRORREPORT:PROMPT /OUT:"\\filer.cs.tamu.edu\jleroy\ms_windows\cpsc_redirected\My Documents\Visual Studio 2013\Projects\RDMBPARSER\Debug\RDBMS.exe" /INCREMENTAL /NOLOGO kernel32.lib user32.lib gdi32.lib winspool.lib comdlg32.lib advapi32.lib shell32.lib ole32.lib oleaut32.lib uuid.lib odbc32.lib odbccp32.lib /MANIFEST /MANIFESTUAC:"level='asInvoker' uiAccess='false'" /manifest:embed /DEBUG /PDB:"\\filer.cs.tamu.edu\jleroy\ms_windows\cpsc_redirected\My Documents\Visual Studio 2013\Projects\RDMBPARSER\Debug\RDBMS.pdb" /TLBID:1 /DYNAMICBASE /NXCOMPAT /IMPLIB:"\\filer.cs.tamu.edu\jleroy\ms_windows\cpsc_redirected\My Documents\Visual Studio 2013\Projects\RDMBPARSER\Debug\RDBMS.lib" /MACHINE:X86 Debug\Condition.obj
         Debug\Database.obj
         Debug\Parser.obj
         Debug\PizzaMain.obj
         Debug\Relation.obj
         Debug\TESTS.obj
         Debug\stdafx.obj
         RDBMS.vcxproj -> \\filer.cs.tamu.edu\jleroy\ms_windows\cpsc_redirected\My Documents\Visual Studio 2013\Projects\RDMBPARSER\Debug\RDBMS.exe
     1>Done Building Project "\\filer.cs.tamu.edu\jleroy\ms_windows\cpsc_redirected\My Documents\Visual Studio 2013\Projects\RDMBPARSER\RDBMS\RDBMS.vcxproj" (Build target(s)).

Build succeeded.

Time Elapsed 00:00:05.66
